<?xml version="1.0" encoding="utf-8"?><testsuites name="pytest tests"><testsuite name="pytest" errors="0" failures="0" skipped="0" tests="25" time="5.491" timestamp="2026-04-22T22:49:52.962279+00:00" hostname="agent-env-7c8ae5c7-aea2-47c7-bbac-3c601a4a4c3d"><testcase classname="backend.tests.backend_test" name="test_01_login_admin" time="0.388" /><testcase classname="backend.tests.backend_test" name="test_02_login_filler" time="0.342" /><testcase classname="backend.tests.backend_test" name="test_03_login_wrong_password" time="0.344" /><testcase classname="backend.tests.backend_test" name="test_04_me_with_token" time="0.117" /><testcase classname="backend.tests.backend_test" name="test_05_me_without_token" time="0.121" /><testcase classname="backend.tests.backend_test" name="test_06_admin_creates_closer" time="0.663" /><testcase classname="backend.tests.backend_test" name="test_07_non_admin_create_user_forbidden" time="0.107" /><testcase classname="backend.tests.backend_test" name="test_08_list_closers_admin" time="0.107" /><testcase classname="backend.tests.backend_test" name="test_09_list_closers_filler" time="0.155" /><testcase classname="backend.tests.backend_test" name="test_09b_list_closers_closer_forbidden" time="0.122" /><testcase classname="backend.tests.backend_test" name="test_10_filler_creates_lead" time="0.104" /><testcase classname="backend.tests.backend_test" name="test_11_duplicate_phone_409" time="0.118" /><testcase classname="backend.tests.backend_test" name="test_12_duplicate_instagram_409" time="0.099" /><testcase classname="backend.tests.backend_test" name="test_13_closer_sees_only_assigned" time="0.218" /><testcase classname="backend.tests.backend_test" name="test_14_admin_sees_all" time="0.106" /><testcase classname="backend.tests.backend_test" name="test_15_search_instagram_case_insensitive" time="0.112" /><testcase classname="backend.tests.backend_test" name="test_16_follow_up_today_filter" time="0.219" /><testcase classname="backend.tests.backend_test" name="test_17_update_lead_reassign" time="0.561" /><testcase classname="backend.tests.backend_test" name="test_18_status_follow_up_requires_date" time="0.100" /><testcase classname="backend.tests.backend_test" name="test_19_closer_cannot_update_others_lead" time="0.113" /><testcase classname="backend.tests.backend_test" name="test_20_closer_cannot_delete" time="0.093" /><testcase classname="backend.tests.backend_test" name="test_21_stats_admin" time="0.233" /><testcase classname="backend.tests.backend_test" name="test_22_stats_non_admin_forbidden" time="0.171" /><testcase classname="backend.tests.backend_test" name="test_23_filler_can_delete_lead" time="0.223" /><testcase classname="backend.tests.backend_test" name="test_99_cleanup" time="0.472" /></testsuite></testsuites>